\BOOKMARK [1][-]{section.1}{Introduction}{}% 1
\BOOKMARK [1][-]{section.2}{A basic model of contagion}{}% 2
\BOOKMARK [2][-]{subsection.2.1}{Preliminary definitions}{section.2}% 3
\BOOKMARK [2][-]{subsection.2.2}{The Eisenberg/Noe model}{section.2}% 4
\BOOKMARK [2][-]{subsection.2.3}{Simulation of the Eisenberg/Noe model and motivation of the paper}{section.2}% 5
\BOOKMARK [1][-]{section.3}{A contagion model with bailouts}{}% 6
\BOOKMARK [2][-]{subsection.3.1}{Definition of a bailout}{section.3}% 7
\BOOKMARK [2][-]{subsection.3.2}{Further definitions}{section.3}% 8
\BOOKMARK [2][-]{subsection.3.3}{Individual rationality and social efficiency}{section.3}% 9
\BOOKMARK [1][-]{section.4}{Welfare Analysis}{}% 10
\BOOKMARK [2][-]{subsection.4.1}{Social Efficiency}{section.4}% 11
\BOOKMARK [2][-]{subsection.4.2}{Individual rationality}{section.4}% 12
\BOOKMARK [2][-]{subsection.4.3}{Contagion Dynamics}{section.4}% 13
\BOOKMARK [1][-]{section.5}{Equilibrium analysis}{}% 14
\BOOKMARK [2][-]{subsection.5.1}{An efficient solution}{section.5}% 15
\BOOKMARK [2][-]{subsection.5.2}{Equilibrium solution}{section.5}% 16
\BOOKMARK [2][-]{subsection.5.3}{Policy intervention}{section.5}% 17
\BOOKMARK [1][-]{section.6}{Conclusion}{}% 18
\BOOKMARK [1][-]{appendix.A}{Proof of Theorem 1}{}% 19
\BOOKMARK [1][-]{appendix.B}{Proof of Theorem 2}{}% 20
\BOOKMARK [1][-]{appendix.C}{Proof of Theorem 3}{}% 21
